<?xml version="1.0" encoding="UTF-8"?>
<TestRun id="7c9ba886-f62f-4e8a-b379-49ffe6a25ae9" name="kleber.sales@SISTEMA_35 2014-06-13 14:57:57" runUser="GRUPO_A&amp;C\kleber.sales" xmlns="http://microsoft.com/schemas/VisualStudio/TeamTest/2010">
  <TestSettings name="Local" id="85a7229b-c0e2-4ccf-bbdc-ab3a676bbce2">
    <Description>These are default test settings for a local test run.</Description>
    <Deployment enabled="false" runDeploymentRoot="kleber.sales_SISTEMA_35 2014-06-13 14_57_57">
      <DeploymentItem filename="C:\Users\kleber.sales\Documents\github\RamdomTypes\RandomTypes\RandomTypes\bin\Debug\RandomTypes.dll" />
    </Deployment>
    <Execution>
      <TestTypeSpecific />
      <AgentRule name="Execution Agents">
      </AgentRule>
    </Execution>
  </TestSettings>
  <Times creation="2014-06-13T14:57:57.8581172-03:00" queuing="2014-06-13T14:57:57.9049172-03:00" start="2014-06-13T14:57:57.9517172-03:00" finish="2014-06-13T14:57:58.1389172-03:00" />
  <ResultSummary outcome="Completed">
    <Counters total="1" executed="1" passed="1" error="0" failed="0" timeout="0" aborted="0" inconclusive="0" passedButRunAborted="0" notRunnable="0" notExecuted="0" disconnected="0" warning="0" completed="0" inProgress="0" pending="0" />
  </ResultSummary>
  <TestDefinitions>
    <UnitTest name="RandomBoolTest" storage="c:\users\kleber.sales\documents\github\ramdomtypes\randomtypes\tests\bin\debug\tests.dll" id="c4aa62ce-68f3-eaa0-7c04-182ae8a472ed">
      <Execution id="14b44d52-eef3-4497-b3a9-59bbe5afd7ce" />
      <TestMethod codeBase="C:/Users/kleber.sales/Documents/github/RamdomTypes/RandomTypes/Tests/bin/Debug/Tests.DLL" adapterTypeName="Microsoft.VisualStudio.TestTools.TestTypes.Unit.UnitTestAdapter, Microsoft.VisualStudio.QualityTools.Tips.UnitTest.Adapter, Version=10.0.0.0, Culture=neutral, PublicKeyToken=b03f5f7f11d50a3a" className="Tests.RandomTypesTests, Tests, Version=1.0.0.0, Culture=neutral, PublicKeyToken=null" name="RandomBoolTest" />
    </UnitTest>
  </TestDefinitions>
  <TestLists>
    <TestList name="Results Not in a List" id="8c84fa94-04c1-424b-9868-57a2d4851a1d" />
    <TestList name="All Loaded Results" id="19431567-8539-422a-85d7-44ee4e166bda" />
  </TestLists>
  <TestEntries>
    <TestEntry testId="c4aa62ce-68f3-eaa0-7c04-182ae8a472ed" executionId="14b44d52-eef3-4497-b3a9-59bbe5afd7ce" testListId="8c84fa94-04c1-424b-9868-57a2d4851a1d" />
  </TestEntries>
  <Results>
    <UnitTestResult executionId="14b44d52-eef3-4497-b3a9-59bbe5afd7ce" testId="c4aa62ce-68f3-eaa0-7c04-182ae8a472ed" testName="RandomBoolTest" computerName="SISTEMA_35" duration="00:00:00.0109729" startTime="2014-06-13T14:57:57.9829172-03:00" endTime="2014-06-13T14:57:58.1233172-03:00" testType="13cdc9d9-ddb5-4fa4-a97d-d965ccfc6d4b" outcome="Passed" testListId="8c84fa94-04c1-424b-9868-57a2d4851a1d" relativeResultsDirectory="14b44d52-eef3-4497-b3a9-59bbe5afd7ce">
    </UnitTestResult>
  </Results>
</TestRun>