<?xml version="1.0" encoding="UTF-8"?>
<TestRun id="8c3daf02-b7be-47df-978f-ecd1c613ce64" name="kleber.sales@SISTEMA_35 2014-06-13 15:18:32" runUser="GRUPO_A&amp;C\kleber.sales" xmlns="http://microsoft.com/schemas/VisualStudio/TeamTest/2010">
  <TestSettings name="Local" id="85a7229b-c0e2-4ccf-bbdc-ab3a676bbce2">
    <Description>These are default test settings for a local test run.</Description>
    <Deployment enabled="false" runDeploymentRoot="kleber.sales_SISTEMA_35 2014-06-13 15_18_32">
      <DeploymentItem filename="C:\Users\kleber.sales\Documents\github\RamdomTypes\RandomTypes\RandomTypes\bin\Debug\RandomTypes.dll" />
    </Deployment>
    <Execution>
      <TestTypeSpecific />
      <AgentRule name="Execution Agents">
      </AgentRule>
    </Execution>
  </TestSettings>
  <Times creation="2014-06-13T15:18:32.9051383-03:00" queuing="2014-06-13T15:18:32.9519380-03:00" start="2014-06-13T15:18:32.9675379-03:00" finish="2014-06-13T15:18:33.1547367-03:00" />
  <ResultSummary outcome="Completed">
    <Counters total="3" executed="3" passed="3" error="0" failed="0" timeout="0" aborted="0" inconclusive="0" passedButRunAborted="0" notRunnable="0" notExecuted="0" disconnected="0" warning="0" completed="0" inProgress="0" pending="0" />
  </ResultSummary>
  <TestDefinitions>
    <UnitTest name="RandomIntWithLimits" storage="c:\users\kleber.sales\documents\github\ramdomtypes\randomtypes\tests\bin\debug\tests.dll" id="e21896e4-5622-1300-79a0-5d91a9b9d4e6">
      <Execution id="82facbe5-98d1-498a-83f5-387515117715" />
      <TestMethod codeBase="C:/Users/kleber.sales/Documents/github/RamdomTypes/RandomTypes/Tests/bin/Debug/Tests.DLL" adapterTypeName="Microsoft.VisualStudio.TestTools.TestTypes.Unit.UnitTestAdapter, Microsoft.VisualStudio.QualityTools.Tips.UnitTest.Adapter, Version=10.0.0.0, Culture=neutral, PublicKeyToken=b03f5f7f11d50a3a" className="Tests.RandomTypesTests, Tests, Version=1.0.0.0, Culture=neutral, PublicKeyToken=null" name="RandomIntWithLimits" />
    </UnitTest>
    <UnitTest name="RandomIntTest" storage="c:\users\kleber.sales\documents\github\ramdomtypes\randomtypes\tests\bin\debug\tests.dll" id="021bd42e-f236-0944-32ef-a15a249fb271">
      <Execution id="e26aa8e8-1aa7-4d0e-9fa9-0a0f2b10d502" />
      <TestMethod codeBase="C:/Users/kleber.sales/Documents/github/RamdomTypes/RandomTypes/Tests/bin/Debug/Tests.DLL" adapterTypeName="Microsoft.VisualStudio.TestTools.TestTypes.Unit.UnitTestAdapter, Microsoft.VisualStudio.QualityTools.Tips.UnitTest.Adapter, Version=10.0.0.0, Culture=neutral, PublicKeyToken=b03f5f7f11d50a3a" className="Tests.RandomTypesTests, Tests, Version=1.0.0.0, Culture=neutral, PublicKeyToken=null" name="RandomIntTest" />
    </UnitTest>
    <UnitTest name="RandomBoolTest" storage="c:\users\kleber.sales\documents\github\ramdomtypes\randomtypes\tests\bin\debug\tests.dll" id="c4aa62ce-68f3-eaa0-7c04-182ae8a472ed">
      <Execution id="340806a4-0479-40ec-9e59-62c4aacadde6" />
      <TestMethod codeBase="C:/Users/kleber.sales/Documents/github/RamdomTypes/RandomTypes/Tests/bin/Debug/Tests.DLL" adapterTypeName="Microsoft.VisualStudio.TestTools.TestTypes.Unit.UnitTestAdapter, Microsoft.VisualStudio.QualityTools.Tips.UnitTest.Adapter, Version=10.0.0.0, Culture=neutral, PublicKeyToken=b03f5f7f11d50a3a" className="Tests.RandomTypesTests, Tests, Version=1.0.0.0, Culture=neutral, PublicKeyToken=null" name="RandomBoolTest" />
    </UnitTest>
  </TestDefinitions>
  <TestLists>
    <TestList name="Results Not in a List" id="8c84fa94-04c1-424b-9868-57a2d4851a1d" />
    <TestList name="All Loaded Results" id="19431567-8539-422a-85d7-44ee4e166bda" />
  </TestLists>
  <TestEntries>
    <TestEntry testId="021bd42e-f236-0944-32ef-a15a249fb271" executionId="e26aa8e8-1aa7-4d0e-9fa9-0a0f2b10d502" testListId="8c84fa94-04c1-424b-9868-57a2d4851a1d" />
    <TestEntry testId="c4aa62ce-68f3-eaa0-7c04-182ae8a472ed" executionId="340806a4-0479-40ec-9e59-62c4aacadde6" testListId="8c84fa94-04c1-424b-9868-57a2d4851a1d" />
    <TestEntry testId="e21896e4-5622-1300-79a0-5d91a9b9d4e6" executionId="82facbe5-98d1-498a-83f5-387515117715" testListId="8c84fa94-04c1-424b-9868-57a2d4851a1d" />
  </TestEntries>
  <Results>
    <UnitTestResult executionId="e26aa8e8-1aa7-4d0e-9fa9-0a0f2b10d502" testId="021bd42e-f236-0944-32ef-a15a249fb271" testName="RandomIntTest" computerName="SISTEMA_35" duration="00:00:00.0111971" startTime="2014-06-13T15:18:32.9987377-03:00" endTime="2014-06-13T15:18:33.1235369-03:00" testType="13cdc9d9-ddb5-4fa4-a97d-d965ccfc6d4b" outcome="Passed" testListId="8c84fa94-04c1-424b-9868-57a2d4851a1d" relativeResultsDirectory="e26aa8e8-1aa7-4d0e-9fa9-0a0f2b10d502">
    </UnitTestResult>
    <UnitTestResult executionId="340806a4-0479-40ec-9e59-62c4aacadde6" testId="c4aa62ce-68f3-eaa0-7c04-182ae8a472ed" testName="RandomBoolTest" computerName="SISTEMA_35" duration="00:00:00.0004067" startTime="2014-06-13T15:18:33.1235369-03:00" endTime="2014-06-13T15:18:33.1391368-03:00" testType="13cdc9d9-ddb5-4fa4-a97d-d965ccfc6d4b" outcome="Passed" testListId="8c84fa94-04c1-424b-9868-57a2d4851a1d" relativeResultsDirectory="340806a4-0479-40ec-9e59-62c4aacadde6">
    </UnitTestResult>
    <UnitTestResult executionId="82facbe5-98d1-498a-83f5-387515117715" testId="e21896e4-5622-1300-79a0-5d91a9b9d4e6" testName="RandomIntWithLimits" computerName="SISTEMA_35" duration="00:00:00.0002310" startTime="2014-06-13T15:18:33.1391368-03:00" endTime="2014-06-13T15:18:33.1391368-03:00" testType="13cdc9d9-ddb5-4fa4-a97d-d965ccfc6d4b" outcome="Passed" testListId="8c84fa94-04c1-424b-9868-57a2d4851a1d" relativeResultsDirectory="82facbe5-98d1-498a-83f5-387515117715">
    </UnitTestResult>
  </Results>
</TestRun>