<?xml version="1.0" encoding="UTF-8"?>
<TestRun id="3b40be31-cd44-4923-aa82-4a033f9333b1" name="kleber.sales@SISTEMA_35 2014-06-13 14:56:25" runUser="GRUPO_A&amp;C\kleber.sales" xmlns="http://microsoft.com/schemas/VisualStudio/TeamTest/2010">
  <TestSettings name="Local" id="85a7229b-c0e2-4ccf-bbdc-ab3a676bbce2">
    <Description>These are default test settings for a local test run.</Description>
    <Deployment enabled="false" runDeploymentRoot="kleber.sales_SISTEMA_35 2014-06-13 14_56_25">
      <DeploymentItem filename="C:\Users\kleber.sales\Documents\github\RamdomTypes\RandomTypes\RandomTypes\bin\Debug\RandomTypes.dll" />
    </Deployment>
    <Execution>
      <TestTypeSpecific />
      <AgentRule name="Execution Agents">
      </AgentRule>
    </Execution>
  </TestSettings>
  <Times creation="2014-06-13T14:56:25.6443172-03:00" queuing="2014-06-13T14:56:26.6713172-03:00" start="2014-06-13T14:56:26.8429172-03:00" finish="2014-06-13T14:56:45.7657172-03:00" />
  <ResultSummary outcome="Error">
    <Counters total="1" executed="1" error="0" failed="0" timeout="0" aborted="1" inconclusive="0" passedButRunAborted="0" notRunnable="0" notExecuted="0" disconnected="0" warning="0" passed="0" completed="0" inProgress="0" pending="0" />
    <RunInfos>
      <RunInfo computerName="SISTEMA_35" outcome="Error" timestamp="2014-06-13T14:56:45.7657172-03:00">
        <Text>Test host process exited unexpectedly.</Text>
      </RunInfo>
    </RunInfos>
  </ResultSummary>
  <TestDefinitions>
    <UnitTest name="RandomBoolTest" storage="c:\users\kleber.sales\documents\github\ramdomtypes\randomtypes\tests\bin\debug\tests.dll" id="c4aa62ce-68f3-eaa0-7c04-182ae8a472ed">
      <Execution id="c1f7eb6d-1b18-4215-9f20-eb9cfc236ee1" />
      <TestMethod codeBase="C:/Users/kleber.sales/Documents/github/RamdomTypes/RandomTypes/Tests/bin/Debug/Tests.DLL" adapterTypeName="Microsoft.VisualStudio.TestTools.TestTypes.Unit.UnitTestAdapter, Microsoft.VisualStudio.QualityTools.Tips.UnitTest.Adapter, Version=10.0.0.0, Culture=neutral, PublicKeyToken=b03f5f7f11d50a3a" className="Tests.RandomTypesTests, Tests, Version=1.0.0.0, Culture=neutral, PublicKeyToken=null" name="RandomBoolTest" />
    </UnitTest>
  </TestDefinitions>
  <TestLists>
    <TestList name="Results Not in a List" id="8c84fa94-04c1-424b-9868-57a2d4851a1d" />
    <TestList name="All Loaded Results" id="19431567-8539-422a-85d7-44ee4e166bda" />
  </TestLists>
  <TestEntries>
    <TestEntry testId="c4aa62ce-68f3-eaa0-7c04-182ae8a472ed" executionId="c1f7eb6d-1b18-4215-9f20-eb9cfc236ee1" testListId="8c84fa94-04c1-424b-9868-57a2d4851a1d" />
  </TestEntries>
  <Results>
    <UnitTestResult executionId="c1f7eb6d-1b18-4215-9f20-eb9cfc236ee1" testId="c4aa62ce-68f3-eaa0-7c04-182ae8a472ed" testName="RandomBoolTest" computerName="SISTEMA_35" duration="00:00:18.0336000" startTime="2014-06-13T14:56:27.7321172-03:00" endTime="2014-06-13T14:56:45.7657172-03:00" testType="13cdc9d9-ddb5-4fa4-a97d-d965ccfc6d4b" outcome="Aborted" testListId="8c84fa94-04c1-424b-9868-57a2d4851a1d" relativeResultsDirectory="c1f7eb6d-1b18-4215-9f20-eb9cfc236ee1">
    </UnitTestResult>
  </Results>
</TestRun>