<?xml version="1.0" encoding="UTF-8"?>
<TestRun id="b5c8dc8f-7af2-4d8f-8870-b85e7de9db64" name="kleber.sales@SISTEMA_35 2014-06-13 14:42:16" runUser="GRUPO_A&amp;C\kleber.sales" xmlns="http://microsoft.com/schemas/VisualStudio/TeamTest/2010">
  <TestSettings name="Local" id="85a7229b-c0e2-4ccf-bbdc-ab3a676bbce2">
    <Description>These are default test settings for a local test run.</Description>
    <Deployment enabled="false" runDeploymentRoot="kleber.sales_SISTEMA_35 2014-06-13 14_42_16">
      <DeploymentItem filename="C:\Users\kleber.sales\Documents\github\RamdomTypes\RandomTypes\RandomTypes\bin\Debug\RandomTypes.dll" />
    </Deployment>
    <Execution>
      <TestTypeSpecific />
      <AgentRule name="Execution Agents">
      </AgentRule>
    </Execution>
  </TestSettings>
  <Times creation="2014-06-13T14:42:16.9731283-03:00" queuing="2014-06-13T14:42:17.7486565-03:00" start="2014-06-13T14:42:17.8734725-03:00" finish="2014-06-13T14:42:50.7945229-03:00" />
  <ResultSummary outcome="Error">
    <Counters total="1" executed="1" error="0" failed="0" timeout="0" aborted="1" inconclusive="0" passedButRunAborted="0" notRunnable="0" notExecuted="0" disconnected="0" warning="0" passed="0" completed="0" inProgress="0" pending="0" />
    <RunInfos>
      <RunInfo computerName="SISTEMA_35" outcome="Error" timestamp="2014-06-13T14:42:50.7789209-03:00">
        <Text>Test host process exited unexpectedly.</Text>
      </RunInfo>
    </RunInfos>
  </ResultSummary>
  <TestDefinitions>
    <UnitTest name="RandomBoolTest" storage="c:\users\kleber.sales\documents\github\ramdomtypes\randomtypes\tests\bin\debug\tests.dll" id="c4aa62ce-68f3-eaa0-7c04-182ae8a472ed">
      <Execution id="9678d4d9-d482-4d21-99aa-8b56cd4b07f6" />
      <TestMethod codeBase="C:/Users/kleber.sales/Documents/github/RamdomTypes/RandomTypes/Tests/bin/Debug/Tests.DLL" adapterTypeName="Microsoft.VisualStudio.TestTools.TestTypes.Unit.UnitTestAdapter, Microsoft.VisualStudio.QualityTools.Tips.UnitTest.Adapter, Version=10.0.0.0, Culture=neutral, PublicKeyToken=b03f5f7f11d50a3a" className="Tests.RandomTypesTests, Tests, Version=1.0.0.0, Culture=neutral, PublicKeyToken=null" name="RandomBoolTest" />
    </UnitTest>
  </TestDefinitions>
  <TestLists>
    <TestList name="Results Not in a List" id="8c84fa94-04c1-424b-9868-57a2d4851a1d" />
    <TestList name="All Loaded Results" id="19431567-8539-422a-85d7-44ee4e166bda" />
  </TestLists>
  <TestEntries>
    <TestEntry testId="c4aa62ce-68f3-eaa0-7c04-182ae8a472ed" executionId="9678d4d9-d482-4d21-99aa-8b56cd4b07f6" testListId="8c84fa94-04c1-424b-9868-57a2d4851a1d" />
  </TestEntries>
  <Results>
    <UnitTestResult executionId="9678d4d9-d482-4d21-99aa-8b56cd4b07f6" testId="c4aa62ce-68f3-eaa0-7c04-182ae8a472ed" testName="RandomBoolTest" computerName="SISTEMA_35" duration="00:00:32.4217864" startTime="2014-06-13T14:42:18.3727365-03:00" endTime="2014-06-13T14:42:50.7945229-03:00" testType="13cdc9d9-ddb5-4fa4-a97d-d965ccfc6d4b" outcome="Aborted" testListId="8c84fa94-04c1-424b-9868-57a2d4851a1d" relativeResultsDirectory="9678d4d9-d482-4d21-99aa-8b56cd4b07f6">
    </UnitTestResult>
  </Results>
</TestRun>